[2025-11-11T07:43:03.398Z] ERROR: 🔥 Uncaught Exception:
[2025-11-11T08:20:49.093Z] ERROR: 🔥 Unhandled Rejection at:
[2025-11-11T08:20:49.096Z] ERROR: 🔥 Uncaught Exception:
[2025-11-11T08:20:50.014Z] ERROR: 🔥 Unhandled Rejection at:
[2025-11-11T08:20:50.015Z] ERROR: 🔥 Uncaught Exception:
[2025-11-20T07:39:45.804Z] ERROR: 🔥 Uncaught Exception:
[2025-11-20T07:44:34.202Z] ERROR: 🔥 Uncaught Exception:
[2025-11-25T03:11:26.727Z] ERROR: 🔥 API Error: ReferenceError: userId is not defined
    at /Users/bewisetec/dev_bewise/api.mobile_bewise/router/register_exam.js:197:39
    at Layer.handle [as handle_request] (/Users/bewisetec/dev_bewise/api.mobile_bewise/node_modules/express/lib/router/layer.js:95:5)
    at next (/Users/bewisetec/dev_bewise/api.mobile_bewise/node_modules/express/lib/router/route.js:149:13)
    at Route.dispatch (/Users/bewisetec/dev_bewise/api.mobile_bewise/node_modules/express/lib/router/route.js:119:3)
    at Layer.handle [as handle_request] (/Users/bewisetec/dev_bewise/api.mobile_bewise/node_modules/express/lib/router/layer.js:95:5)
    at /Users/bewisetec/dev_bewise/api.mobile_bewise/node_modules/express/lib/router/index.js:284:15
    at Function.process_params (/Users/bewisetec/dev_bewise/api.mobile_bewise/node_modules/express/lib/router/index.js:346:12)
    at next (/Users/bewisetec/dev_bewise/api.mobile_bewise/node_modules/express/lib/router/index.js:280:10)
    at Function.handle (/Users/bewisetec/dev_bewise/api.mobile_bewise/node_modules/express/lib/router/index.js:175:3)
    at router (/Users/bewisetec/dev_bewise/api.mobile_bewise/node_modules/express/lib/router/index.js:47:12)
[2025-11-25T03:32:33.258Z] ERROR: 🔥 Uncaught Exception:
[2025-11-25T03:48:03.693Z] ERROR: 🔥 Uncaught Exception:
[2025-11-25T03:48:15.167Z] ERROR: 🔥 Uncaught Exception:
[2025-11-25T06:25:23.956Z] ERROR: 🔥 Uncaught Exception:
[2025-11-25T06:25:25.087Z] ERROR: 🔥 Uncaught Exception:
[2025-11-25T06:25:36.966Z] ERROR: 🔥 Uncaught Exception:
[2025-11-25T06:27:19.596Z] ERROR: 🔥 Uncaught Exception:
[2025-11-25T06:27:20.722Z] ERROR: 🔥 Uncaught Exception:
[2025-11-27T03:59:56.586Z] ERROR: 🔥 Uncaught Exception:
[2025-11-27T04:01:53.332Z] ERROR: 🔥 Uncaught Exception:
[2025-11-27T04:01:55.404Z] ERROR: 🔥 Uncaught Exception:
[2025-11-27T04:04:19.006Z] ERROR: 🔥 Uncaught Exception:
[2025-11-27T04:06:59.516Z] ERROR: 🔥 Uncaught Exception:
